<html>
<body>
<pre>
<h1>µVision Build Log</h1>
<h2>Tool Versions:</h2>
IDE-Version: ¶ÃVision V5.24.2.0
Copyright (C) 2017 ARM Ltd and ARM Germany GmbH. All rights reserved.
License Information: z Walnut, bupt, LIC=QF82M-XQDW6-IIH5V-PMFAD-P11V3-LPPMH
 
Tool Versions:
Toolchain:       MDK-ARM Plus  Version: 5.24.1
Toolchain Path:  C:\Keil_v5\ARM\ARMCC\Bin
C Compiler:      Armcc.exe V5.06 update 5 (build 528)
Assembler:       Armasm.exe V5.06 update 5 (build 528)
Linker/Locator:  ArmLink.exe V5.06 update 5 (build 528)
Library Manager: ArmAr.exe V5.06 update 5 (build 528)
Hex Converter:   FromElf.exe V5.06 update 5 (build 528)
CPU DLL:         SARMCM3.DLL V5.24.1
Dialog DLL:      DCM.DLL V1.16.0.0
Target DLL:      STLink\ST-LINKIII-KEIL_SWO.dll V3.0.1.0
Dialog DLL:      TCM.DLL V1.32.0.0
 
<h2>Project:</h2>
D:\zyk's file\stm32\line_car\line_car_2025\MDK-ARM\f103c8t6_test.uvprojx
Project File Date:  07/24/2025

<h2>Output:</h2>
*** Using Compiler 'V5.06 update 5 (build 528)', folder: 'C:\Keil_v5\ARM\ARMCC\Bin'
Build target 'f103c8t6_test'
assembling startup_stm32f103xb.s...
compiling stm32f1xx_hal_uart.c...
compiling stm32f1xx_hal_tim_ex.c...
compiling stm32f1xx_hal_msp.c...
compiling oled.c...
compiling stm32f1xx_hal_rcc_ex.c...
compiling gpio.c...
compiling stm32f1xx_hal_rcc.c...
compiling stm32f1xx_hal_cortex.c...
compiling stm32f1xx_hal_pwr.c...
compiling motor.c...
compiling stm32f1xx_hal_gpio_ex.c...
compiling stm32f1xx_hal_flash.c...
compiling stm32f1xx_hal_flash_ex.c...
compiling stm32f1xx_hal.c...
compiling stm32f1xx_hal_exti.c...
compiling stm32f1xx_hal_tim.c...
compiling tim.c...
compiling usart.c...
compiling stm32f1xx_it.c...
compiling stm32f1xx_hal_gpio.c...
compiling system_stm32f1xx.c...
compiling stm32f1xx_hal_dma.c...
compiling encoder.c...
compiling main.c...
compiling pid.c...
..\HARDWARE\PID\pid.c(90): error:  #136: struct "<unnamed>"  has no field "kp"
    g_pid_straight.kp = 1.0;
..\HARDWARE\PID\pid.c(91): error:  #136: struct "<unnamed>"  has no field "ki"
    g_pid_straight.ki = 0.0;
..\HARDWARE\PID\pid.c(92): error:  #136: struct "<unnamed>"  has no field "kd"
    g_pid_straight.kd = 0.0;
..\HARDWARE\PID\pid.c: 0 warnings, 3 errors
compiling control.c...
..\HARDWARE\CONTROL\control.c(201): warning:  #177-D: variable "count1"  was declared but never referenced
                  int count1 = 0;
..\HARDWARE\CONTROL\control.c(243): warning:  #177-D: variable "g_Line_Flag"  was declared but never referenced
      uint8_t g_Line_Flag = 0;         // Â∑°Á∫øÊ†áÂøó‰Ω?,0‰∏çÂ∑°Á∫?,1Â∑°Á∫ø
..\HARDWARE\CONTROL\control.c(244): warning:  #177-D: variable "g_Stop_Flag"  was declared but never referenced
      uint8_t g_Stop_Flag = 1;         // ÂÅúÊ≠¢Ê†áÂøó‰Ω?,0Ë°åÈ©∂,1ÂÅúÊ≠¢
..\HARDWARE\CONTROL\control.c(245): warning:  #177-D: variable "g_Spin_Start_Flag"  was declared but never referenced
      uint8_t g_Spin_Start_Flag = 0;   // ËΩ¨ÂêëÂºÄÂßãÊ†áÂøó‰Ωç
..\HARDWARE\CONTROL\control.c(246): warning:  #177-D: variable "g_Spin_Succeed_Flag"  was declared but never referenced
      uint8_t g_Spin_Succeed_Flag = 0; // ËΩ¨ÂêëÁªìÊùüÊ†áÂøó‰Ω?
..\HARDWARE\CONTROL\control.c(247): warning:  #177-D: variable "g_Turn_Flag"  was declared but never referenced
      uint8_t g_Turn_Flag = 0;         // ËΩ¨ÂêëÊ†áÂøó‰Ω?,Â•ΩÂÉèÊ≤°Áî®Âà?
..\HARDWARE\CONTROL\control.c(248): warning:  #177-D: variable "g_Angle_Flag"  was declared but never referenced
      uint8_t g_Angle_Flag = 0;        // ËßíÂ∫¶ÁéØË∞ÉËØïÊ†áÂøó‰Ωç
..\HARDWARE\CONTROL\control.c(260): error:  #147-D: declaration is incompatible with "void car_go(int32_t)"  (declared at line 57 of "..\HARDWARE\CONTROL\control.h")
  void car_go(int32_t distance_cm, float degree)  // Áõ¥Ëµ∞ÂáΩÊï∞     //ËøûÁª≠‰∏§Ê¨°ÁöÑÁõ¥Ë°åÂ•ΩÂÉè‰ºöËÆ©Â∑°Á∫øË°•ÂÅøÂ§±Êï?
..\HARDWARE\CONTROL\control.c(641): warning:  #177-D: variable "actual_speed"  was declared but never referenced
      int32_t actual_speed;
..\HARDWARE\CONTROL\control.c(55): warning:  #177-D: variable "g_last_angle_error"  was declared but never referenced
  static float g_last_angle_error = 0;
..\HARDWARE\CONTROL\control.c: 9 warnings, 1 error
compiling key.c...
compiling line.c...
compiling menu.c...
compiling protocol.c...
compiling jy61p.c...
compiling buzz.c...
"f103c8t6_test\f103c8t6_test.axf" - 4 Error(s), 9 Warning(s).

<h2>Software Packages used:</h2>

Package Vendor: ARM
                http://www.keil.com/pack/ARM.CMSIS.5.6.0.pack
                ARM.CMSIS.5.6.0
                CMSIS (Cortex Microcontroller Software Interface Standard)
   * Component: CORE Version: 5.3.0

Package Vendor: Keil
                http://www.keil.com/pack/Keil.STM32F1xx_DFP.2.3.0.pack
                Keil.STM32F1xx_DFP.2.3.0
                STMicroelectronics STM32F1 Series Device Support, Drivers and Examples

<h2>Collection of Component include folders:</h2>
  .\RTE\_f103c8t6_test
  C:\Users\Walnut\AppData\Local\Arm\Packs\ARM\CMSIS\5.6.0\CMSIS\Core\Include
  C:\Users\Walnut\AppData\Local\Arm\Packs\Keil\STM32F1xx_DFP\2.3.0\Device\Include

<h2>Collection of Component Files used:</h2>

   * Component: ARM::CMSIS:CORE:5.3.0
Target not created.
Build Time Elapsed:  00:00:07
</pre>
</body>
</html>
